<?xml version="1.0" encoding="UTF-8"?>
<testng-results ignored="0" total="1" passed="1" failed="0" skipped="0">
  <reporter-output>
  </reporter-output>
  <suite started-at="2021-08-18T17:32:31 IST" name="TestNGBasics Suite" finished-at="2021-08-18T17:32:34 IST" duration-ms="3001">
    <groups>
    </groups>
    <test started-at="2021-08-18T17:32:31 IST" name="Test Execution 1" finished-at="2021-08-18T17:32:34 IST" duration-ms="3001">
      <class name="TestNGBasics.parametersTest">
        <test-method signature="loginTest(java.lang.String,java.lang.String,java.lang.String)[pri:0, instance:TestNGBasics.parametersTest@41c2284a]" started-at="2021-08-18T17:32:31 IST" name="loginTest" finished-at="2021-08-18T17:32:34 IST" duration-ms="2977" status="PASS">
          <params>
            <param index="0">
              <value>
                <![CDATA[https://github.com/login]]>
              </value>
            </param>
            <param index="1">
              <value>
                <![CDATA[suhailaza]]>
              </value>
            </param>
            <param index="2">
              <value>
                <![CDATA[password@123]]>
              </value>
            </param>
          </params>
          <reporter-output>
          </reporter-output>
        </test-method> <!-- loginTest -->
      </class> <!-- TestNGBasics.parametersTest -->
    </test> <!-- Test Execution 1 -->
  </suite> <!-- TestNGBasics Suite -->
</testng-results>
